2025-10-27T18:30:28Z [INFO] actions/checkout@11bd71901bbe5b1630ceea73d27597364c9af683 -> 11bd71901bbe5b1630ceea73d27597364c9af683 [input]
2025-10-27T18:30:28Z [INFO] actions/upload-artifact@ea165f8d65b6e75b540449e92b4886f43607fa02 -> ea165f8d65b6e75b540449e92b4886f43607fa02 [input]
2025-10-27T18:30:28Z [INFO] actions/checkout@11bd71901bbe5b1630ceea73d27597364c9af683 -> 11bd71901bbe5b1630ceea73d27597364c9af683 [input]
2025-10-27T18:30:28Z [INFO] actions/upload-artifact@ea165f8d65b6e75b540449e92b4886f43607fa02 -> ea165f8d65b6e75b540449e92b4886f43607fa02 [input]
2025-10-27T18:30:28Z [INFO] actions/checkout@11bd71901bbe5b1630ceea73d27597364c9af683 -> 11bd71901bbe5b1630ceea73d27597364c9af683 [input]
2025-10-27T18:30:28Z [INFO] actions/upload-artifact@ea165f8d65b6e75b540449e92b4886f43607fa02 -> ea165f8d65b6e75b540449e92b4886f43607fa02 [input]
2025-10-27T18:30:28Z [INFO] actions/checkout@11bd71901bbe5b1630ceea73d27597364c9af683 -> 11bd71901bbe5b1630ceea73d27597364c9af683 [input]
2025-10-27T18:30:28Z [INFO] actions/upload-artifact@ea165f8d65b6e75b540449e92b4886f43607fa02 -> ea165f8d65b6e75b540449e92b4886f43607fa02 [input]
2025-10-27T18:30:28Z [INFO] actions/checkout@11bd71901bbe5b1630ceea73d27597364c9af683 -> 11bd71901bbe5b1630ceea73d27597364c9af683 [input]
2025-10-27T18:30:28Z [INFO] actions/upload-artifact@ea165f8d65b6e75b540449e92b4886f43607fa02 -> ea165f8d65b6e75b540449e92b4886f43607fa02 [input]
2025-10-27T18:30:28Z [INFO] docker/login-action@f4ef339be1f7c0066db2ed1d1c637d705d7d76e8 -> f4ef339be1f7c0066db2ed1d1c637d705d7d76e8 [input]
2025-10-27T18:30:28Z [INFO] actions/upload-artifact@ea165f8d65b6e75b540449e92b4886f43607fa02 -> ea165f8d65b6e75b540449e92b4886f43607fa02 [input]
2025-10-27T18:30:28Z [INFO] actions/upload-artifact@ea165f8d65b6e75b540449e92b4886f43607fa02 -> ea165f8d65b6e75b540449e92b4886f43607fa02 [input]
2025-10-27T18:30:28Z [INFO] actions/upload-artifact@ea165f8d65b6e75b540449e92b4886f43607fa02 -> ea165f8d65b6e75b540449e92b4886f43607fa02 [input]
2025-10-27T18:30:28Z [INFO] actions/upload-artifact@ea165f8d65b6e75b540449e92b4886f43607fa02 -> ea165f8d65b6e75b540449e92b4886f43607fa02 [input]
2025-10-27T18:30:28Z [INFO] actions/upload-artifact@ea165f8d65b6e75b540449e92b4886f43607fa02 -> ea165f8d65b6e75b540449e92b4886f43607fa02 [input]
2025-10-27T18:30:28Z [INFO] actions/checkout@11bd71901bbe5b1630ceea73d27597364c9af683 -> 11bd71901bbe5b1630ceea73d27597364c9af683 [input]
2025-10-27T18:30:28Z [INFO] actions/checkout@11bd71901bbe5b1630ceea73d27597364c9af683 -> 11bd71901bbe5b1630ceea73d27597364c9af683 [input]
2025-10-27T18:30:28Z [INFO] actions/upload-artifact@ea165f8d65b6e75b540449e92b4886f43607fa02 -> ea165f8d65b6e75b540449e92b4886f43607fa02 [input]
2025-10-27T18:30:28Z [INFO] actions/checkout@11bd71901bbe5b1630ceea73d27597364c9af683 -> 11bd71901bbe5b1630ceea73d27597364c9af683 [input]
2025-10-27T18:30:28Z [INFO] actions/setup-python@42375524e23c412d93fb67b49958b491fce71c38 -> 42375524e23c412d93fb67b49958b491fce71c38 [input]
2025-10-27T18:30:28Z [INFO] actions/upload-artifact@ea165f8d65b6e75b540449e92b4886f43607fa02 -> ea165f8d65b6e75b540449e92b4886f43607fa02 [input]
2025-10-27T18:30:28Z [INFO] actions/checkout@11bd71901bbe5b1630ceea73d27597364c9af683 -> 11bd71901bbe5b1630ceea73d27597364c9af683 [input]
2025-10-27T18:30:28Z [INFO] actions/download-artifact@d3f86a106a0bac45b974a628896c90dbdf5c8093 -> d3f86a106a0bac45b974a628896c90dbdf5c8093 [input]
2025-10-27T18:30:28Z [INFO] actions/download-artifact@d3f86a106a0bac45b974a628896c90dbdf5c8093 -> d3f86a106a0bac45b974a628896c90dbdf5c8093 [input]
2025-10-27T18:30:28Z [INFO] actions/download-artifact@d3f86a106a0bac45b974a628896c90dbdf5c8093 -> d3f86a106a0bac45b974a628896c90dbdf5c8093 [input]
2025-10-27T18:30:28Z [INFO] actions/download-artifact@d3f86a106a0bac45b974a628896c90dbdf5c8093 -> d3f86a106a0bac45b974a628896c90dbdf5c8093 [input]
2025-10-27T18:30:28Z [INFO] actions/download-artifact@d3f86a106a0bac45b974a628896c90dbdf5c8093 -> d3f86a106a0bac45b974a628896c90dbdf5c8093 [input]
2025-10-27T18:30:28Z [INFO] actions/download-artifact@d3f86a106a0bac45b974a628896c90dbdf5c8093 -> d3f86a106a0bac45b974a628896c90dbdf5c8093 [input]
2025-10-27T18:30:28Z [INFO] actions/upload-artifact@ea165f8d65b6e75b540449e92b4886f43607fa02 -> ea165f8d65b6e75b540449e92b4886f43607fa02 [input]
2025-10-27T18:30:28Z [INFO] actions/checkout@11bd71901bbe5b1630ceea73d27597364c9af683 -> 11bd71901bbe5b1630ceea73d27597364c9af683 [input]
2025-10-27T18:30:28Z [INFO] actions/upload-artifact@ea165f8d65b6e75b540449e92b4886f43607fa02 -> ea165f8d65b6e75b540449e92b4886f43607fa02 [input]
2025-10-27T18:30:28Z [INFO] actions/checkout@11bd71901bbe5b1630ceea73d27597364c9af683 -> 11bd71901bbe5b1630ceea73d27597364c9af683 [input]
2025-10-27T18:30:28Z [INFO] actions/upload-artifact@ea165f8d65b6e75b540449e92b4886f43607fa02 -> ea165f8d65b6e75b540449e92b4886f43607fa02 [input]
2025-10-27T18:30:28Z [INFO] actions/checkout@11bd71901bbe5b1630ceea73d27597364c9af683 -> 11bd71901bbe5b1630ceea73d27597364c9af683 [input]
2025-10-27T18:30:28Z [INFO] actions/upload-artifact@ea165f8d65b6e75b540449e92b4886f43607fa02 -> ea165f8d65b6e75b540449e92b4886f43607fa02 [input]
2025-10-27T18:30:28Z [INFO] actions/checkout@11bd71901bbe5b1630ceea73d27597364c9af683 -> 11bd71901bbe5b1630ceea73d27597364c9af683 [input]
2025-10-27T18:30:28Z [INFO] actions/checkout@11bd71901bbe5b1630ceea73d27597364c9af683 -> 11bd71901bbe5b1630ceea73d27597364c9af683 [input]
2025-10-27T18:30:28Z [INFO] returntocorp/semgrep-action@d2118d8864c8ad5ac2ffb5f062e30aea0a43d0f0 -> d2118d8864c8ad5ac2ffb5f062e30aea0a43d0f0 [input]
2025-10-27T18:30:28Z [INFO] actions/checkout@11bd71901bbe5b1630ceea73d27597364c9af683 -> 11bd71901bbe5b1630ceea73d27597364c9af683 [input]